Arguments: 
  /usr/bin/node /usr/local/bin/yarn init

PATH: 
  /home/kilbouri/.cargo/bin:/usr/local/sbin:/usr/local/bin:/usr/sbin:/usr/bin:/sbin:/bin:/usr/games:/usr/local/games:/usr/lib/wsl/lib:/mnt/c/Program Files/WindowsApps/Microsoft.PowerShell_7.3.4.0_x64__8wekyb3d8bbwe:/mnt/c/Program Files/Python310/Scripts/:/mnt/c/Program Files/Python310/:/mnt/c/Program Files/Semeru/jdk-11.0.13.8-openj9/bin:/mnt/c/Windows/system32:/mnt/c/Windows:/mnt/c/Windows/System32/Wbem:/mnt/c/Windows/System32/WindowsPowerShell/v1.0/:/mnt/c/Windows/System32/OpenSSH/:/mnt/c/ProgramData/StrawberryPerl/c/bin:/mnt/c/ProgramData/StrawberryPerl/perl/site/bin:/mnt/c/ProgramData/StrawberryPerl/perl/bin:/mnt/c/WINDOWS/system32:/mnt/c/WINDOWS:/mnt/c/WINDOWS/System32/Wbem:/mnt/c/WINDOWS/System32/WindowsPowerShell/v1.0/:/mnt/c/WINDOWS/System32/OpenSSH/:/mnt/c/Program Files/dotnet/:/mnt/c/Program Files/Git/cmd:/mnt/c/Program Files/Microsoft/Azure Functions Core Tools/:/mnt/c/WINDOWS/system32:/mnt/c/WINDOWS:/mnt/c/WINDOWS/System32/Wbem:/mnt/c/WINDOWS/System32/WindowsPowerShell/v1.0/:/mnt/c/WINDOWS/System32/OpenSSH/:/mnt/c/Users/voidv/Desktop/pypy3.9-v7.3.10-win64:/mnt/c/Program Files/Docker/Docker/resources/bin:/mnt/c/Users/voidv/scoop/shims:/mnt/c/Users/voidv/AppData/Local/Microsoft/WindowsApps:/mnt/c/Users/voidv/AppData/Local/Programs/MiKTeX/miktex/bin/x64/:/mnt/c/Users/voidv/.dotnet/tools:/mnt/c/Users/voidv/.dotnet/tools:/mnt/c/Users/voidv/AppData/Local/Tesseract-OCR:/mnt/c/Users/voidv/AppData/Local/Microsoft/WindowsApps:/mnt/c/Users/voidv/AppData/Local/Programs/Microsoft VS Code Insiders/bin:/mnt/c/Users/voidv/AppData/Roaming/Code - Insiders/User/globalStorage/ms-vscode-remote.remote-containers/cli-bin

Yarn version: 
  1.22.17

Node version: 
  16.17.0

Platform: 
  linux x64

Trace: 
  Error: canceled
      at Interface.<anonymous> (/usr/local/lib/node_modules/yarn/lib/cli.js:137143:13)
      at Interface.emit (node:events:513:28)
      at Interface._ttyWrite (node:readline:1085:16)
      at ReadStream.onkeypress (node:readline:291:10)
      at ReadStream.emit (node:events:513:28)
      at emitKeys (node:internal/readline/utils:357:14)
      at emitKeys.next (<anonymous>)
      at ReadStream.onData (node:internal/readline/emitKeypressEvents:61:36)
      at ReadStream.emit (node:events:513:28)
      at addChunk (node:internal/streams/readable:315:12)

npm manifest: 
  No manifest

yarn manifest: 
  No manifest

Lockfile: 
  No lockfile
